<?xml version="1.0" encoding="UTF-8"?>
<testsuite name="com.sunclock.book.springbootMVC.web.HelloControllerTest" tests="2" skipped="0" failures="0" errors="0" timestamp="2021-07-20T06:25:51" hostname="Macs-MacBook-Pro.local" time="0.811">
  <properties/>
  <testcase name="hello가_리턴된다" classname="com.sunclock.book.springbootMVC.web.HelloControllerTest" time="0.684"/>
  <testcase name="helloDto가_리턴된다" classname="com.sunclock.book.springbootMVC.web.HelloControllerTest" time="0.126"/>
  <system-out><![CDATA[15:25:45.447 [Test worker] DEBUG org.springframework.test.context.junit4.SpringJUnit4ClassRunner - SpringJUnit4ClassRunner constructor called with [class com.sunclock.book.springbootMVC.web.HelloControllerTest]
15:25:45.459 [Test worker] DEBUG org.springframework.test.context.BootstrapUtils - Instantiating CacheAwareContextLoaderDelegate from class [org.springframework.test.context.cache.DefaultCacheAwareContextLoaderDelegate]
15:25:45.477 [Test worker] DEBUG org.springframework.test.context.BootstrapUtils - Instantiating BootstrapContext using constructor [public org.springframework.test.context.support.DefaultBootstrapContext(java.lang.Class,org.springframework.test.context.CacheAwareContextLoaderDelegate)]
15:25:45.573 [Test worker] DEBUG org.springframework.test.context.BootstrapUtils - Instantiating TestContextBootstrapper for test class [com.sunclock.book.springbootMVC.web.HelloControllerTest] from class [org.springframework.boot.test.autoconfigure.web.servlet.WebMvcTestContextBootstrapper]
15:25:45.635 [Test worker] INFO org.springframework.boot.test.autoconfigure.web.servlet.WebMvcTestContextBootstrapper - Neither @ContextConfiguration nor @ContextHierarchy found for test class [com.sunclock.book.springbootMVC.web.HelloControllerTest], using SpringBootContextLoader
15:25:45.645 [Test worker] DEBUG org.springframework.test.context.support.AbstractContextLoader - Did not detect default resource location for test class [com.sunclock.book.springbootMVC.web.HelloControllerTest]: class path resource [com/sunclock/book/springbootMVC/web/HelloControllerTest-context.xml] does not exist
15:25:45.660 [Test worker] DEBUG org.springframework.test.context.support.AbstractContextLoader - Did not detect default resource location for test class [com.sunclock.book.springbootMVC.web.HelloControllerTest]: class path resource [com/sunclock/book/springbootMVC/web/HelloControllerTestContext.groovy] does not exist
15:25:45.663 [Test worker] INFO org.springframework.test.context.support.AbstractContextLoader - Could not detect default resource locations for test class [com.sunclock.book.springbootMVC.web.HelloControllerTest]: no resource found for suffixes {-context.xml, Context.groovy}.
15:25:45.669 [Test worker] INFO org.springframework.test.context.support.AnnotationConfigContextLoaderUtils - Could not detect default configuration classes for test class [com.sunclock.book.springbootMVC.web.HelloControllerTest]: HelloControllerTest does not declare any static, non-private, non-final, nested classes annotated with @Configuration.
15:25:45.888 [Test worker] DEBUG org.springframework.test.context.support.ActiveProfilesUtils - Could not find an 'annotation declaring class' for annotation type [org.springframework.test.context.ActiveProfiles] and class [com.sunclock.book.springbootMVC.web.HelloControllerTest]
15:25:46.234 [Test worker] DEBUG org.springframework.context.annotation.ClassPathScanningCandidateComponentProvider - Identified candidate component class: file [/Users/mac/Documents/GitHub/meetcody-wrap/springbootMVC/build/classes/java/main/com/sunclock/book/springbootMVC/Application.class]
15:25:46.237 [Test worker] INFO org.springframework.boot.test.context.SpringBootTestContextBootstrapper - Found @SpringBootConfiguration com.sunclock.book.springbootMVC.Application for test class com.sunclock.book.springbootMVC.web.HelloControllerTest
15:25:46.240 [Test worker] DEBUG org.springframework.boot.test.autoconfigure.web.servlet.WebMvcTestContextBootstrapper - @TestExecutionListeners is not present for class [com.sunclock.book.springbootMVC.web.HelloControllerTest]: using defaults.
15:25:46.243 [Test worker] INFO org.springframework.boot.test.autoconfigure.web.servlet.WebMvcTestContextBootstrapper - Loaded default TestExecutionListener class names from location [META-INF/spring.factories]: [org.springframework.security.test.context.support.WithSecurityContextTestExecutionListener, org.springframework.security.test.context.support.ReactorContextTestExecutionListener, org.springframework.boot.test.autoconfigure.restdocs.RestDocsTestExecutionListener, org.springframework.boot.test.autoconfigure.web.client.MockRestServiceServerResetTestExecutionListener, org.springframework.boot.test.autoconfigure.web.servlet.MockMvcPrintOnlyOnFailureTestExecutionListener, org.springframework.boot.test.autoconfigure.web.servlet.WebDriverTestExecutionListener, org.springframework.boot.test.mock.mockito.MockitoTestExecutionListener, org.springframework.boot.test.mock.mockito.ResetMocksTestExecutionListener, org.springframework.test.context.web.ServletTestExecutionListener, org.springframework.test.context.support.DirtiesContextBeforeModesTestExecutionListener, org.springframework.test.context.support.DependencyInjectionTestExecutionListener, org.springframework.test.context.support.DirtiesContextTestExecutionListener, org.springframework.test.context.transaction.TransactionalTestExecutionListener, org.springframework.test.context.jdbc.SqlScriptsTestExecutionListener]
15:25:46.370 [Test worker] INFO org.springframework.boot.test.autoconfigure.web.servlet.WebMvcTestContextBootstrapper - Using TestExecutionListeners: [org.springframework.test.context.web.ServletTestExecutionListener@25d03c7e, org.springframework.test.context.support.DirtiesContextBeforeModesTestExecutionListener@12b51c55, org.springframework.boot.test.mock.mockito.MockitoTestExecutionListener@52fd085b, org.springframework.boot.test.autoconfigure.SpringBootDependencyInjectionTestExecutionListener@598a96c8, org.springframework.test.context.support.DirtiesContextTestExecutionListener@7d1d624b, org.springframework.test.context.transaction.TransactionalTestExecutionListener@47709e09, org.springframework.test.context.jdbc.SqlScriptsTestExecutionListener@7d75e96c, org.springframework.security.test.context.support.WithSecurityContextTestExecutionListener@70440cdc, org.springframework.security.test.context.support.ReactorContextTestExecutionListener@665d37a5, org.springframework.boot.test.autoconfigure.restdocs.RestDocsTestExecutionListener@259e6db1, org.springframework.boot.test.autoconfigure.web.client.MockRestServiceServerResetTestExecutionListener@7772dee7, org.springframework.boot.test.autoconfigure.web.servlet.MockMvcPrintOnlyOnFailureTestExecutionListener@27000e39, org.springframework.boot.test.autoconfigure.web.servlet.WebDriverTestExecutionListener@286fe563, org.springframework.boot.test.mock.mockito.ResetMocksTestExecutionListener@7e4af63a]
15:25:46.379 [Test worker] DEBUG org.springframework.test.annotation.ProfileValueUtils - Retrieved @ProfileValueSourceConfiguration [null] for test class [com.sunclock.book.springbootMVC.web.HelloControllerTest]
15:25:46.380 [Test worker] DEBUG org.springframework.test.annotation.ProfileValueUtils - Retrieved ProfileValueSource type [class org.springframework.test.annotation.SystemProfileValueSource] for class [com.sunclock.book.springbootMVC.web.HelloControllerTest]
15:25:46.380 [Test worker] DEBUG org.springframework.test.annotation.ProfileValueUtils - Retrieved @ProfileValueSourceConfiguration [null] for test class [com.sunclock.book.springbootMVC.web.HelloControllerTest]
15:25:46.381 [Test worker] DEBUG org.springframework.test.annotation.ProfileValueUtils - Retrieved ProfileValueSource type [class org.springframework.test.annotation.SystemProfileValueSource] for class [com.sunclock.book.springbootMVC.web.HelloControllerTest]
15:25:46.395 [Test worker] DEBUG org.springframework.test.context.support.AbstractDirtiesContextTestExecutionListener - Before test class: context [DefaultTestContext@21827ee7 testClass = HelloControllerTest, testInstance = [null], testMethod = [null], testException = [null], mergedContextConfiguration = [WebMergedContextConfiguration@dc24ec7 testClass = HelloControllerTest, locations = '{}', classes = '{class com.sunclock.book.springbootMVC.Application}', contextInitializerClasses = '[]', activeProfiles = '{}', propertySourceLocations = '{}', propertySourceProperties = '{org.springframework.boot.test.autoconfigure.web.servlet.WebMvcTestContextBootstrapper=true}', contextCustomizers = set[org.springframework.boot.test.autoconfigure.OverrideAutoConfigurationContextCustomizerFactory$DisableAutoConfigurationContextCustomizer@56b6fd93, org.springframework.boot.test.autoconfigure.filter.TypeExcludeFiltersContextCustomizer@b58ef774, org.springframework.boot.test.autoconfigure.properties.PropertyMappingContextCustomizer@f1d3785b, org.springframework.boot.test.autoconfigure.web.servlet.WebDriverContextCustomizerFactory$Customizer@53c9783b, [ImportsContextCustomizer@160f6c96 key = [org.springframework.boot.autoconfigure.cache.CacheAutoConfiguration, org.springframework.boot.autoconfigure.context.MessageSourceAutoConfiguration, org.springframework.boot.autoconfigure.data.web.SpringDataWebAutoConfiguration, org.springframework.boot.autoconfigure.freemarker.FreeMarkerAutoConfiguration, org.springframework.boot.autoconfigure.groovy.template.GroovyTemplateAutoConfiguration, org.springframework.boot.autoconfigure.gson.GsonAutoConfiguration, org.springframework.boot.autoconfigure.hateoas.HypermediaAutoConfiguration, org.springframework.boot.autoconfigure.http.HttpMessageConvertersAutoConfiguration, org.springframework.boot.autoconfigure.jackson.JacksonAutoConfiguration, org.springframework.boot.autoconfigure.jsonb.JsonbAutoConfiguration, org.springframework.boot.autoconfigure.mustache.MustacheAutoConfiguration, org.springframework.boot.autoconfigure.task.TaskExecutionAutoConfiguration, org.springframework.boot.autoconfigure.thymeleaf.ThymeleafAutoConfiguration, org.springframework.boot.autoconfigure.validation.ValidationAutoConfiguration, org.springframework.boot.autoconfigure.web.servlet.error.ErrorMvcAutoConfiguration, org.springframework.boot.autoconfigure.web.servlet.WebMvcAutoConfiguration, org.springframework.boot.test.autoconfigure.web.servlet.MockMvcAutoConfiguration, org.springframework.boot.test.autoconfigure.web.servlet.MockMvcSecurityAutoConfiguration, org.springframework.boot.test.autoconfigure.web.servlet.MockMvcWebClientAutoConfiguration, org.springframework.boot.test.autoconfigure.web.servlet.MockMvcWebDriverAutoConfiguration]], org.springframework.boot.test.context.filter.ExcludeFilterContextCustomizer@630e010a, org.springframework.boot.test.json.DuplicateJsonObjectContextCustomizerFactory$DuplicateJsonObjectContextCustomizer@7bbb9fca, org.springframework.boot.test.mock.mockito.MockitoContextCustomizer@0], resourceBasePath = 'src/main/webapp', contextLoader = 'org.springframework.boot.test.context.SpringBootContextLoader', parent = [null]], attributes = map[[empty]]], class annotated with @DirtiesContext [false] with mode [null].
15:25:46.396 [Test worker] DEBUG org.springframework.test.annotation.ProfileValueUtils - Retrieved @ProfileValueSourceConfiguration [null] for test class [com.sunclock.book.springbootMVC.web.HelloControllerTest]
15:25:46.410 [Test worker] DEBUG org.springframework.test.annotation.ProfileValueUtils - Retrieved ProfileValueSource type [class org.springframework.test.annotation.SystemProfileValueSource] for class [com.sunclock.book.springbootMVC.web.HelloControllerTest]
15:25:46.425 [Test worker] DEBUG org.springframework.test.context.support.DependencyInjectionTestExecutionListener - Performing dependency injection for test context [[DefaultTestContext@21827ee7 testClass = HelloControllerTest, testInstance = com.sunclock.book.springbootMVC.web.HelloControllerTest@56dc428d, testMethod = [null], testException = [null], mergedContextConfiguration = [WebMergedContextConfiguration@dc24ec7 testClass = HelloControllerTest, locations = '{}', classes = '{class com.sunclock.book.springbootMVC.Application}', contextInitializerClasses = '[]', activeProfiles = '{}', propertySourceLocations = '{}', propertySourceProperties = '{org.springframework.boot.test.autoconfigure.web.servlet.WebMvcTestContextBootstrapper=true}', contextCustomizers = set[org.springframework.boot.test.autoconfigure.OverrideAutoConfigurationContextCustomizerFactory$DisableAutoConfigurationContextCustomizer@56b6fd93, org.springframework.boot.test.autoconfigure.filter.TypeExcludeFiltersContextCustomizer@b58ef774, org.springframework.boot.test.autoconfigure.properties.PropertyMappingContextCustomizer@f1d3785b, org.springframework.boot.test.autoconfigure.web.servlet.WebDriverContextCustomizerFactory$Customizer@53c9783b, [ImportsContextCustomizer@160f6c96 key = [org.springframework.boot.autoconfigure.cache.CacheAutoConfiguration, org.springframework.boot.autoconfigure.context.MessageSourceAutoConfiguration, org.springframework.boot.autoconfigure.data.web.SpringDataWebAutoConfiguration, org.springframework.boot.autoconfigure.freemarker.FreeMarkerAutoConfiguration, org.springframework.boot.autoconfigure.groovy.template.GroovyTemplateAutoConfiguration, org.springframework.boot.autoconfigure.gson.GsonAutoConfiguration, org.springframework.boot.autoconfigure.hateoas.HypermediaAutoConfiguration, org.springframework.boot.autoconfigure.http.HttpMessageConvertersAutoConfiguration, org.springframework.boot.autoconfigure.jackson.JacksonAutoConfiguration, org.springframework.boot.autoconfigure.jsonb.JsonbAutoConfiguration, org.springframework.boot.autoconfigure.mustache.MustacheAutoConfiguration, org.springframework.boot.autoconfigure.task.TaskExecutionAutoConfiguration, org.springframework.boot.autoconfigure.thymeleaf.ThymeleafAutoConfiguration, org.springframework.boot.autoconfigure.validation.ValidationAutoConfiguration, org.springframework.boot.autoconfigure.web.servlet.error.ErrorMvcAutoConfiguration, org.springframework.boot.autoconfigure.web.servlet.WebMvcAutoConfiguration, org.springframework.boot.test.autoconfigure.web.servlet.MockMvcAutoConfiguration, org.springframework.boot.test.autoconfigure.web.servlet.MockMvcSecurityAutoConfiguration, org.springframework.boot.test.autoconfigure.web.servlet.MockMvcWebClientAutoConfiguration, org.springframework.boot.test.autoconfigure.web.servlet.MockMvcWebDriverAutoConfiguration]], org.springframework.boot.test.context.filter.ExcludeFilterContextCustomizer@630e010a, org.springframework.boot.test.json.DuplicateJsonObjectContextCustomizerFactory$DuplicateJsonObjectContextCustomizer@7bbb9fca, org.springframework.boot.test.mock.mockito.MockitoContextCustomizer@0], resourceBasePath = 'src/main/webapp', contextLoader = 'org.springframework.boot.test.context.SpringBootContextLoader', parent = [null]], attributes = map[[empty]]]].
15:25:46.848 [Test worker] DEBUG org.springframework.test.context.support.TestPropertySourceUtils - Adding inlined properties to environment: {spring.jmx.enabled=false, org.springframework.boot.test.autoconfigure.web.servlet.WebMvcTestContextBootstrapper=true, server.port=-1}

  .   ____          _            __ _ _
 /\\ / ___'_ __ _ _(_)_ __  __ _ \ \ \ \
( ( )\___ | '_ | '_| | '_ \/ _` | \ \ \ \
 \\/  ___)| |_)| | | | | || (_| |  ) ) ) )
  '  |____| .__|_| |_|_| |_\__, | / / / /
 =========|_|==============|___/=/_/_/_/
 :: Spring Boot ::        (v2.1.7.RELEASE)

2021-07-20 15:25:47.878  INFO 88530 --- [    Test worker] c.s.b.s.web.HelloControllerTest          : Starting HelloControllerTest on Macs-MacBook-Pro.local with PID 88530 (started by mac in /Users/mac/Documents/GitHub/meetcody-wrap/springbootMVC)
2021-07-20 15:25:47.884  INFO 88530 --- [    Test worker] c.s.b.s.web.HelloControllerTest          : No active profile set, falling back to default profiles: default
2021-07-20 15:25:50.685  INFO 88530 --- [    Test worker] o.s.s.concurrent.ThreadPoolTaskExecutor  : Initializing ExecutorService 'applicationTaskExecutor'
2021-07-20 15:25:50.831  INFO 88530 --- [    Test worker] o.s.b.a.w.s.WelcomePageHandlerMapping    : Adding welcome page template: index
2021-07-20 15:25:51.268  INFO 88530 --- [    Test worker] .s.s.UserDetailsServiceAutoConfiguration : 

Using generated security password: 3d9af0ca-3124-4d1b-b0ee-ac8a971bdbd1

2021-07-20 15:25:51.637  INFO 88530 --- [    Test worker] o.s.s.web.DefaultSecurityFilterChain     : Creating filter chain: any request, [org.springframework.security.web.context.request.async.WebAsyncManagerIntegrationFilter@446a44f, org.springframework.security.web.context.SecurityContextPersistenceFilter@1ad6422, org.springframework.security.web.header.HeaderWriterFilter@6edc9c68, org.springframework.security.web.csrf.CsrfFilter@52d46a57, org.springframework.security.web.authentication.logout.LogoutFilter@7ab5e696, org.springframework.security.web.authentication.UsernamePasswordAuthenticationFilter@7592fb9c, org.springframework.security.web.authentication.ui.DefaultLoginPageGeneratingFilter@1b7ff53a, org.springframework.security.web.authentication.ui.DefaultLogoutPageGeneratingFilter@3633c2c, org.springframework.security.web.authentication.www.BasicAuthenticationFilter@21d29b4, org.springframework.security.web.savedrequest.RequestCacheAwareFilter@15debbf3, org.springframework.security.web.servletapi.SecurityContextHolderAwareRequestFilter@7b9d6d0a, org.springframework.security.web.authentication.AnonymousAuthenticationFilter@312765c5, org.springframework.security.web.session.SessionManagementFilter@5cf1f87b, org.springframework.security.web.access.ExceptionTranslationFilter@3f8cfa11, org.springframework.security.web.access.intercept.FilterSecurityInterceptor@1f7e5781]
2021-07-20 15:25:51.742  INFO 88530 --- [    Test worker] o.s.b.t.m.w.SpringBootMockServletContext : Initializing Spring TestDispatcherServlet ''
2021-07-20 15:25:51.743  INFO 88530 --- [    Test worker] o.s.t.web.servlet.TestDispatcherServlet  : Initializing Servlet ''
2021-07-20 15:25:51.781  INFO 88530 --- [    Test worker] o.s.t.web.servlet.TestDispatcherServlet  : Completed initialization in 37 ms
2021-07-20 15:25:51.892  INFO 88530 --- [    Test worker] c.s.b.s.web.HelloControllerTest          : Started HelloControllerTest in 5.022 seconds (JVM running for 9.31)
]]></system-out>
  <system-err><![CDATA[]]></system-err>
</testsuite>
